[debug] [2020-04-05T19:42:40.183Z] ----------------------------------------------------------------------
[debug] [2020-04-05T19:42:40.185Z] Command:       C:\Program Files\nodejs\node.exe C:\Users\ASUS\AppData\Roaming\npm\node_modules\firebase-tools\lib\bin\firebase.js init
[debug] [2020-04-05T19:42:40.185Z] CLI Version:   8.0.1
[debug] [2020-04-05T19:42:40.185Z] Platform:      win32
[debug] [2020-04-05T19:42:40.185Z] Node Version:  v12.16.1
[debug] [2020-04-05T19:42:40.186Z] Time:          Mon Apr 06 2020 03:42:40 GMT+0800 (Singapore Standard Time)
[debug] [2020-04-05T19:42:40.186Z] ----------------------------------------------------------------------
[debug] [2020-04-05T19:42:40.186Z] 
[debug] [2020-04-05T19:42:40.193Z] > command requires scopes: ["email","openid","https://www.googleapis.com/auth/cloudplatformprojects.readonly","https://www.googleapis.com/auth/firebase","https://www.googleapis.com/auth/cloud-platform"]
[debug] [2020-04-05T19:42:40.193Z] > authorizing via signed-in user
[info] 
     ######## #### ########  ######## ########     ###     ######  ########
     ##        ##  ##     ## ##       ##     ##  ##   ##  ##       ##
     ######    ##  ########  ######   ########  #########  ######  ######
     ##        ##  ##    ##  ##       ##     ## ##     ##       ## ##
     ##       #### ##     ## ######## ########  ##     ##  ######  ########

You're about to initialize a Firebase project in this directory:

  C:\Users\ASUS\Documents\Visual Studio Code Fundamental\Front End\e-trainer-indo\shifu-ui

Before we get started, keep in mind:

  * You are initializing in an existing Firebase project directory

[info] 
=== Project Setup
[info] 
[info] First, let's associate this project directory with a Firebase project.
[info] You can create multiple project aliases by running firebase use --add, 
[info] but for now we'll just set up a default project.
[info] 
[info] i  .firebaserc already has a default project, using e-trainer-indo.
[debug] [2020-04-05T19:42:59.134Z] >>> HTTP REQUEST GET https://firebase.googleapis.com/v1beta1/projects/e-trainer-indo  
 
[debug] [2020-04-05T19:42:59.637Z] <<< HTTP RESPONSE 200 {"content-type":"application/json; charset=UTF-8","vary":"X-Origin, Referer, Origin,Accept-Encoding","date":"Sun, 05 Apr 2020 19:42:59 GMT","server":"ESF","cache-control":"private","x-xss-protection":"0","x-frame-options":"SAMEORIGIN","x-content-type-options":"nosniff","alt-svc":"quic=\":443\"; ma=2592000; v=\"46,43\",h3-Q050=\":443\"; ma=2592000,h3-Q049=\":443\"; ma=2592000,h3-Q048=\":443\"; ma=2592000,h3-Q046=\":443\"; ma=2592000,h3-Q043=\":443\"; ma=2592000,h3-T050=\":443\"; ma=2592000","accept-ranges":"none","transfer-encoding":"chunked"}
[info] 
=== Database Setup
[info] 
[info] Firebase Realtime Database Rules allow you to define how your data should be
[info] structured and when your data can be read from and written to.
[info] 
